#
# There is insufficient memory for the Java Runtime Environment to continue.
# Native memory allocation (malloc) failed to allocate 262160 bytes for Chunk::new
# Possible reasons:
#   The system is out of physical RAM or swap space
#   The process is running with CompressedOops enabled, and the Java Heap may be blocking the growth of the native heap
# Possible solutions:
#   Reduce memory load on the system
#   Increase physical memory or swap space
#   Check if swap backing store is full
#   Decrease Java heap size (-Xmx/-Xms)
#   Decrease number of Java threads
#   Decrease Java thread stack sizes (-Xss)
#   Set larger code cache with -XX:ReservedCodeCacheSize=
#   JVM is running with Unscaled Compressed Oops mode in which the Java heap is
#     placed in the first 4GB address space. The Java Heap base address is the
#     maximum limit for the native heap growth. Please use -XX:HeapBaseMinAddress
#     to set the Java Heap base and to place the Java Heap above 4GB virtual address.
# This output file may be truncated or incomplete.
#
#  Out of Memory Error (allocation.cpp:389), pid=7096, tid=0x0000000000002108
#
# JRE version: OpenJDK Runtime Environment (8.0_212-b04) (build 1.8.0_212-release-1586-b04)
# Java VM: OpenJDK 64-Bit Server VM (25.212-b04 mixed mode windows-amd64 compressed oops)
# Failed to write core dump. Minidumps are not enabled by default on client versions of Windows
#

---------------  T H R E A D  ---------------

Current thread (0x00000000169b4000):  JavaThread "C2 CompilerThread1" daemon [_thread_in_native, id=8456, stack(0x0000000018100000,0x0000000018200000)]

Stack: [0x0000000018100000,0x0000000018200000]
[error occurred during error reporting (printing stack bounds), id 0xc0000005]

Native frames: (J=compiled Java code, j=interpreted, Vv=VM code, C=native code)


Current CompileTask:
C2: 432996 16040   !   4       org.gradle.cache.internal.DefaultFileLockManager$DefaultFileLock::doWriteAction (66 bytes)


---------------  P R O C E S S  ---------------

Java Threads: ( => current thread )
  0x000000001fec1000 JavaThread "WorkerExecutor Queue Thread 5" [_thread_blocked, id=12548, stack(0x0000000027b30000,0x0000000027c30000)]
  0x000000001febf000 JavaThread "WorkerExecutor Queue Thread 4" [_thread_blocked, id=12896, stack(0x0000000027830000,0x0000000027930000)]
  0x000000001febe000 JavaThread "WorkerExecutor Queue Thread 3" [_thread_in_native, id=5924, stack(0x0000000027730000,0x0000000027830000)]
  0x000000001febf800 JavaThread "WorkerExecutor Queue Thread 2" [_thread_blocked, id=1168, stack(0x0000000027630000,0x0000000027730000)]
  0x000000001febd800 JavaThread "Cache worker for Java compile cache (C:\Users\Alexe\AndroidStudioProjects\First\.gradle\5.6.4\javaCompile)" [_thread_blocked, id=10536, stack(0x0000000027530000,0x0000000027630000)]
  0x000000001fec0800 JavaThread "WorkerExecutor Queue" [_thread_blocked, id=1160, stack(0x0000000025330000,0x0000000025430000)]
  0x000000001feb5800 JavaThread "RMI TCP Connection(3)-127.0.0.1" daemon [_thread_in_native, id=4544, stack(0x0000000025230000,0x0000000025330000)]
  0x000000001febc800 JavaThread "RMI RenewClean-[127.0.0.1:17791,org.jetbrains.kotlin.daemon.common.LoopbackNetworkInterface$ClientLoopbackSocketFactory@4863244b]" daemon [_thread_blocked, id=7304, stack(0x0000000024b30000,0x0000000024c30000)]
  0x000000001febb000 JavaThread "Cache worker for execution history cache (C:\Users\Alexe\AndroidStudioProjects\First\.gradle\5.6.4\executionHistory)" [_thread_blocked, id=12476, stack(0x0000000024930000,0x0000000024a30000)]
  0x000000001feb9800 JavaThread "Execution worker for ':' Thread 3" [_thread_in_native, id=9960, stack(0x0000000024630000,0x0000000024730000)]
  0x000000001feb8000 JavaThread "Execution worker for ':' Thread 2" [_thread_in_native, id=8324, stack(0x0000000024430000,0x0000000024530000)]
  0x000000001febc000 JavaThread "Execution worker for ':'" [_thread_blocked, id=1004, stack(0x0000000022f10000,0x0000000023010000)]
  0x000000001feb5000 JavaThread "Cache worker for file content cache (C:\Users\Alexe\AndroidStudioProjects\First\.gradle\5.6.4\fileContent)" [_thread_blocked, id=11236, stack(0x0000000022e10000,0x0000000022f10000)]
  0x000000001feba000 JavaThread "Cache worker for Build Output Cleanup Cache (C:\Users\Alexe\AndroidStudioProjects\First\.gradle\buildOutputCleanup)" [_thread_blocked, id=11464, stack(0x0000000022710000,0x0000000022810000)]
  0x000000001c840800 JavaThread "Build operations Thread 4" [_thread_blocked, id=4264, stack(0x0000000021810000,0x0000000021910000)]
  0x000000001c840000 JavaThread "Build operations Thread 3" [_thread_blocked, id=1580, stack(0x0000000020ed0000,0x0000000020fd0000)]
  0x000000001c83d800 JavaThread "Build operations Thread 2" [_thread_blocked, id=9028, stack(0x0000000020dd0000,0x0000000020ed0000)]
  0x000000001c83d000 JavaThread "Build operations" [_thread_blocked, id=112, stack(0x000000001fa00000,0x000000001fb00000)]
  0x000000001c83c000 JavaThread "Cache worker for cache directory md-rule (C:\Users\Alexe\.gradle\caches\5.6.4\md-rule)" [_thread_blocked, id=11840, stack(0x000000001f900000,0x000000001fa00000)]
  0x000000001c834800 JavaThread "Cache worker for cache directory md-supplier (C:\Users\Alexe\.gradle\caches\5.6.4\md-supplier)" [_thread_blocked, id=7956, stack(0x000000001ef30000,0x000000001f030000)]
  0x000000001c83b800 JavaThread "Cache worker for file hash cache (C:\Users\Alexe\AndroidStudioProjects\First\.gradle\5.6.4\fileHashes)" [_thread_blocked, id=10332, stack(0x000000001b250000,0x000000001b350000)]
  0x000000001c83a800 JavaThread "Thread-123" [_thread_blocked, id=8672, stack(0x000000001af50000,0x000000001b050000)]
  0x000000001c833800 JavaThread "Stdin handler" [_thread_blocked, id=9736, stack(0x000000001ae50000,0x000000001af50000)]
  0x000000001c83a000 JavaThread "Asynchronous log dispatcher for DefaultDaemonConnection: socket connection from /127.0.0.1:60558 to /127.0.0.1:60686" [_thread_blocked, id=5484, stack(0x000000001ab50000,0x000000001ac50000)]
  0x000000001c838800 JavaThread "Daemon worker Thread 3" [_thread_in_Java, id=4696, stack(0x000000001aa50000,0x000000001ab50000)]
  0x000000001c836000 JavaThread "Cancel handler" [_thread_blocked, id=11156, stack(0x0000000001410000,0x0000000001510000)]
  0x000000001c833000 JavaThread "Handler for socket connection from /127.0.0.1:60558 to /127.0.0.1:60686" [_thread_in_native, id=8792, stack(0x00000000012f0000,0x00000000013f0000)]
  0x000000001c832000 JavaThread "Daemon Thread 3" [_thread_blocked, id=1192, stack(0x00000000011f0000,0x00000000012f0000)]
  0x000000001c837800 JavaThread "Cache worker for Java compile cache (C:\Users\Alexe\.gradle\caches\5.6.4\javaCompile)" [_thread_blocked, id=3964, stack(0x0000000024a30000,0x0000000024b30000)]
  0x000000001c837000 JavaThread "RMI RenewClean-[127.0.0.1:17600,org.jetbrains.kotlin.daemon.common.LoopbackNetworkInterface$ClientLoopbackSocketFactory@2190a53]" daemon [_thread_in_native, id=12740, stack(0x0000000024530000,0x0000000024630000)]
  0x000000001feb8800 JavaThread "RMI Reaper" [_thread_blocked, id=12708, stack(0x0000000026e30000,0x0000000026f30000)]
  0x0000000019c58000 JavaThread "RMI TCP Accept-0" daemon [_thread_in_native, id=11572, stack(0x0000000026d30000,0x0000000026e30000)]
  0x0000000019c55000 JavaThread "GC Daemon" daemon [_thread_blocked, id=4012, stack(0x0000000026c30000,0x0000000026d30000)]
  0x0000000019c54800 JavaThread "RMI RenewClean-[127.0.0.1:17040,org.jetbrains.kotlin.daemon.common.LoopbackNetworkInterface$ClientLoopbackSocketFactory@eda987b]" daemon [_thread_in_native, id=12180, stack(0x0000000026b30000,0x0000000026c30000)]
  0x000000001eb24800 JavaThread "RMI Scheduler(0)" daemon [_thread_blocked, id=2224, stack(0x0000000026a30000,0x0000000026b30000)]
  0x000000001eb1b800 JavaThread "Cache worker for file content cache (C:\Users\Alexe\.gradle\caches\5.6.4\fileContent)" [_thread_blocked, id=12732, stack(0x0000000022610000,0x0000000022710000)]
  0x000000001eb1b000 JavaThread "Memory manager" [_thread_blocked, id=1936, stack(0x0000000022510000,0x0000000022610000)]
  0x000000001eb17000 JavaThread "Cache worker for execution history cache (C:\Users\Alexe\.gradle\caches\5.6.4\executionHistory)" [_thread_blocked, id=8136, stack(0x0000000020ad0000,0x0000000020bd0000)]
  0x0000000019c57800 JavaThread "Cache worker for journal cache (C:\Users\Alexe\.gradle\caches\journal-1)" [_thread_blocked, id=11096, stack(0x000000001b750000,0x000000001b850000)]
  0x0000000019c5a800 JavaThread "File lock request listener" [_thread_in_native, id=12608, stack(0x000000001b450000,0x000000001b550000)]
  0x0000000019c56000 JavaThread "Cache worker for file hash cache (C:\Users\Alexe\.gradle\caches\5.6.4\fileHashes)" [_thread_blocked, id=6848, stack(0x000000001b350000,0x000000001b450000)]
  0x000000001896a000 JavaThread "Daemon periodic checks" [_thread_blocked, id=11896, stack(0x000000001a950000,0x000000001aa50000)]
  0x0000000018968800 JavaThread "Incoming local TCP Connector on port 60558" [_thread_in_native, id=10748, stack(0x000000001a710000,0x000000001a810000)]
  0x00000000192e5800 JavaThread "Daemon health stats" [_thread_blocked, id=9900, stack(0x000000001a0d0000,0x000000001a1d0000)]
  0x00000000169fb800 JavaThread "Service Thread" daemon [_thread_blocked, id=6884, stack(0x0000000018300000,0x0000000018400000)]
  0x00000000169b7000 JavaThread "C1 CompilerThread2" daemon [_thread_blocked, id=9288, stack(0x0000000018200000,0x0000000018300000)]
=>0x00000000169b4000 JavaThread "C2 CompilerThread1" daemon [_thread_in_native, id=8456, stack(0x0000000018100000,0x0000000018200000)]
  0x00000000169af800 JavaThread "C2 CompilerThread0" daemon [_thread_in_native, id=3456, stack(0x0000000018000000,0x0000000018100000)]
  0x00000000169aa800 JavaThread "Attach Listener" daemon [_thread_blocked, id=12444, stack(0x0000000017f00000,0x0000000018000000)]
  0x00000000169a9800 JavaThread "Signal Dispatcher" daemon [_thread_blocked, id=10712, stack(0x0000000017e00000,0x0000000017f00000)]
  0x000000000303b000 JavaThread "Finalizer" daemon [_thread_blocked, id=11080, stack(0x0000000017c00000,0x0000000017d00000)]
  0x0000000016999000 JavaThread "Reference Handler" daemon [_thread_blocked, id=7292, stack(0x0000000017b00000,0x0000000017c00000)]
  0x0000000002f42800 JavaThread "main" [_thread_blocked, id=10976, stack(0x0000000002d90000,0x0000000002e90000)]

Other Threads:
  0x0000000016977000 VMThread [stack: 0x0000000017a00000,0x0000000017b00000] [id=8736]
  0x00000000169e8800 WatcherThread [stack: 0x0000000018400000,0x0000000018500000] [id=12752]

VM state:not at safepoint (normal execution)

VM Mutex/Monitor currently owned by a thread: None

heap address: 0x00000000a0000000, size: 1536 MB, Compressed Oops mode: 32-bit
Narrow klass base: 0x0000000000000000, Narrow klass shift: 3
Compressed class space size: 1073741824 Address: 0x0000000100000000

Heap:
 PSYoungGen      total 138240K, used 40688K [0x00000000e0000000, 0x00000000eaf80000, 0x0000000100000000)
  eden space 125440K, 22% used [0x00000000e0000000,0x00000000e1b7e090,0x00000000e7a80000)
  from space 12800K, 97% used [0x00000000e7d80000,0x00000000e89be0b0,0x00000000e8a00000)
  to   space 27136K, 0% used [0x00000000e9500000,0x00000000e9500000,0x00000000eaf80000)
 ParOldGen       total 140288K, used 55248K [0x00000000a0000000, 0x00000000a8900000, 0x00000000e0000000)
  object space 140288K, 39% used [0x00000000a0000000,0x00000000a35f4378,0x00000000a8900000)
 Metaspace       used 92776K, capacity 97428K, committed 97536K, reserved 1134592K
  class space    used 12374K, capacity 13213K, committed 13312K, reserved 1048576K

Card table byte_map: [0x0000000012400000,0x0000000012710000] byte_map_base: 0x0000000011f00000

Marking Bits: (ParMarkBitMap*) 0x000000006f419f30
 Begin Bits: [0x0000000012d10000, 0x0000000014510000)
 End Bits:   [0x0000000014510000, 0x0000000015d10000)

Polling page: 0x0000000002d40000

CodeCache: size=245760Kb used=41752Kb max_used=41752Kb free=204007Kb
 bounds [0x0000000003040000, 0x0000000005940000, 0x0000000012040000]
 total_blobs=14174 nmethods=13273 adapters=813
 compilation: enabled

Compilation events (10 events):
Event: 432.987 Thread 0x00000000169b7000 16116       3       com.android.tools.r8.ir.regalloc.LinearScanRegisterAllocator::a (264 bytes)
Event: 432.988 Thread 0x00000000169b7000 nmethod 16116 0x0000000005939190 code [0x00000000059394e0, 0x000000000593b218]
Event: 432.988 Thread 0x00000000169b7000 16124       3       com.android.tools.r8.graph.A0::a (154 bytes)
Event: 432.989 Thread 0x00000000169b7000 nmethod 16124 0x000000000593c1d0 code [0x000000000593c3a0, 0x000000000593cc18]
Event: 432.989 Thread 0x00000000169b7000 16127       3       com.android.tools.r8.dex.y::a (4 bytes)
Event: 432.989 Thread 0x00000000169b7000 nmethod 16127 0x000000000593ce90 code [0x000000000593cfe0, 0x000000000593d110]
Event: 432.989 Thread 0x00000000169b7000 16131       3       org.gradle.internal.execution.history.impl.FingerprintMapSerializer::write (76 bytes)
Event: 432.989 Thread 0x00000000169b7000 nmethod 16131 0x000000000593d190 code [0x000000000593d3a0, 0x000000000593dde8]
Event: 432.989 Thread 0x00000000169b7000 16132       3       com.google.protobuf.Internal::checkNotNull (14 bytes)
Event: 432.989 Thread 0x00000000169b7000 nmethod 16132 0x000000000593e110 code [0x000000000593e280, 0x000000000593e4a8]

GC Heap History (10 events):
Event: 103.931 GC heap before
{Heap before GC invocations=22 (full 3):
 PSYoungGen      total 156160K, used 155689K [0x00000000e0000000, 0x00000000eb280000, 0x0000000100000000)
  eden space 139264K, 100% used [0x00000000e0000000,0x00000000e8800000,0x00000000e8800000)
  from space 16896K, 97% used [0x00000000e9a80000,0x00000000eaa8a508,0x00000000eab00000)
  to   space 18944K, 0% used [0x00000000e8800000,0x00000000e8800000,0x00000000e9a80000)
 ParOldGen       total 140288K, used 40465K [0x00000000a0000000, 0x00000000a8900000, 0x00000000e0000000)
  object space 140288K, 28% used [0x00000000a0000000,0x00000000a2784740,0x00000000a8900000)
 Metaspace       used 72900K, capacity 75420K, committed 75648K, reserved 1114112K
  class space    used 9535K, capacity 10085K, committed 10112K, reserved 1048576K
Event: 103.941 GC heap after
Heap after GC invocations=22 (full 3):
 PSYoungGen      total 158208K, used 18520K [0x00000000e0000000, 0x00000000ec180000, 0x0000000100000000)
  eden space 139264K, 0% used [0x00000000e0000000,0x00000000e0000000,0x00000000e8800000)
  from space 18944K, 97% used [0x00000000e8800000,0x00000000e9a161d0,0x00000000e9a80000)
  to   space 21504K, 0% used [0x00000000eac80000,0x00000000eac80000,0x00000000ec180000)
 ParOldGen       total 140288K, used 40473K [0x00000000a0000000, 0x00000000a8900000, 0x00000000e0000000)
  object space 140288K, 28% used [0x00000000a0000000,0x00000000a2786740,0x00000000a8900000)
 Metaspace       used 72900K, capacity 75420K, committed 75648K, reserved 1114112K
  class space    used 9535K, capacity 10085K, committed 10112K, reserved 1048576K
}
Event: 243.159 GC heap before
{Heap before GC invocations=23 (full 3):
 PSYoungGen      total 158208K, used 157784K [0x00000000e0000000, 0x00000000ec180000, 0x0000000100000000)
  eden space 139264K, 100% used [0x00000000e0000000,0x00000000e8800000,0x00000000e8800000)
  from space 18944K, 97% used [0x00000000e8800000,0x00000000e9a161d0,0x00000000e9a80000)
  to   space 21504K, 0% used [0x00000000eac80000,0x00000000eac80000,0x00000000ec180000)
 ParOldGen       total 140288K, used 40473K [0x00000000a0000000, 0x00000000a8900000, 0x00000000e0000000)
  object space 140288K, 28% used [0x00000000a0000000,0x00000000a2786740,0x00000000a8900000)
 Metaspace       used 76611K, capacity 79458K, committed 79744K, reserved 1118208K
  class space    used 10002K, capacity 10579K, committed 10624K, reserved 1048576K
Event: 243.178 GC heap after
Heap after GC invocations=23 (full 3):
 PSYoungGen      total 155648K, used 19935K [0x00000000e0000000, 0x00000000ec000000, 0x0000000100000000)
  eden space 135680K, 0% used [0x00000000e0000000,0x00000000e0000000,0x00000000e8480000)
  from space 19968K, 99% used [0x00000000eac80000,0x00000000ebff7f20,0x00000000ec000000)
  to   space 24064K, 0% used [0x00000000e9100000,0x00000000e9100000,0x00000000ea880000)
 ParOldGen       total 140288K, used 40481K [0x00000000a0000000, 0x00000000a8900000, 0x00000000e0000000)
  object space 140288K, 28% used [0x00000000a0000000,0x00000000a2788740,0x00000000a8900000)
 Metaspace       used 76611K, capacity 79458K, committed 79744K, reserved 1118208K
  class space    used 10002K, capacity 10579K, committed 10624K, reserved 1048576K
}
Event: 248.394 GC heap before
{Heap before GC invocations=24 (full 3):
 PSYoungGen      total 155648K, used 155615K [0x00000000e0000000, 0x00000000ec000000, 0x0000000100000000)
  eden space 135680K, 100% used [0x00000000e0000000,0x00000000e8480000,0x00000000e8480000)
  from space 19968K, 99% used [0x00000000eac80000,0x00000000ebff7f20,0x00000000ec000000)
  to   space 24064K, 0% used [0x00000000e9100000,0x00000000e9100000,0x00000000ea880000)
 ParOldGen       total 140288K, used 40481K [0x00000000a0000000, 0x00000000a8900000, 0x00000000e0000000)
  object space 140288K, 28% used [0x00000000a0000000,0x00000000a2788740,0x00000000a8900000)
 Metaspace       used 90667K, capacity 94730K, committed 94848K, reserved 1130496K
  class space    used 12099K, capacity 12874K, committed 12928K, reserved 1048576K
Event: 248.420 GC heap after
Heap after GC invocations=24 (full 3):
 PSYoungGen      total 156160K, used 24050K [0x00000000e0000000, 0x00000000ebb00000, 0x0000000100000000)
  eden space 132096K, 0% used [0x00000000e0000000,0x00000000e0000000,0x00000000e8100000)
  from space 24064K, 99% used [0x00000000e9100000,0x00000000ea87cb98,0x00000000ea880000)
  to   space 18944K, 0% used [0x00000000ea880000,0x00000000ea880000,0x00000000ebb00000)
 ParOldGen       total 140288K, used 46871K [0x00000000a0000000, 0x00000000a8900000, 0x00000000e0000000)
  object space 140288K, 33% used [0x00000000a0000000,0x00000000a2dc5e40,0x00000000a8900000)
 Metaspace       used 90667K, capacity 94730K, committed 94848K, reserved 1130496K
  class space    used 12099K, capacity 12874K, committed 12928K, reserved 1048576K
}
Event: 304.460 GC heap before
{Heap before GC invocations=25 (full 3):
 PSYoungGen      total 156160K, used 156146K [0x00000000e0000000, 0x00000000ebb00000, 0x0000000100000000)
  eden space 132096K, 100% used [0x00000000e0000000,0x00000000e8100000,0x00000000e8100000)
  from space 24064K, 99% used [0x00000000e9100000,0x00000000ea87cb98,0x00000000ea880000)
  to   space 18944K, 0% used [0x00000000ea880000,0x00000000ea880000,0x00000000ebb00000)
 ParOldGen       total 140288K, used 46871K [0x00000000a0000000, 0x00000000a8900000, 0x00000000e0000000)
  object space 140288K, 33% used [0x00000000a0000000,0x00000000a2dc5e40,0x00000000a8900000)
 Metaspace       used 92249K, capacity 96666K, committed 96896K, reserved 1132544K
  class space    used 12338K, capacity 13150K, committed 13184K, reserved 1048576K
Event: 304.475 GC heap after
Heap after GC invocations=25 (full 3):
 PSYoungGen      total 141824K, used 9822K [0x00000000e0000000, 0x00000000eb580000, 0x0000000100000000)
  eden space 128512K, 0% used [0x00000000e0000000,0x00000000e0000000,0x00000000e7d80000)
  from space 13312K, 73% used [0x00000000ea880000,0x00000000eb217970,0x00000000eb580000)
  to   space 28672K, 0% used [0x00000000e7d80000,0x00000000e7d80000,0x00000000e9980000)
 ParOldGen       total 140288K, used 55240K [0x00000000a0000000, 0x00000000a8900000, 0x00000000e0000000)
  object space 140288K, 39% used [0x00000000a0000000,0x00000000a35f2378,0x00000000a8900000)
 Metaspace       used 92249K, capacity 96666K, committed 96896K, reserved 1132544K
  class space    used 12338K, capacity 13150K, committed 13184K, reserved 1048576K
}
Event: 399.763 GC heap before
{Heap before GC invocations=26 (full 3):
 PSYoungGen      total 141824K, used 138334K [0x00000000e0000000, 0x00000000eb580000, 0x0000000100000000)
  eden space 128512K, 100% used [0x00000000e0000000,0x00000000e7d80000,0x00000000e7d80000)
  from space 13312K, 73% used [0x00000000ea880000,0x00000000eb217970,0x00000000eb580000)
  to   space 28672K, 0% used [0x00000000e7d80000,0x00000000e7d80000,0x00000000e9980000)
 ParOldGen       total 140288K, used 55240K [0x00000000a0000000, 0x00000000a8900000, 0x00000000e0000000)
  object space 140288K, 39% used [0x00000000a0000000,0x00000000a35f2378,0x00000000a8900000)
 Metaspace       used 92648K, capacity 97228K, committed 97536K, reserved 1134592K
  class space    used 12366K, capacity 13201K, committed 13312K, reserved 1048576K
Event: 399.774 GC heap after
Heap after GC invocations=26 (full 3):
 PSYoungGen      total 138240K, used 12536K [0x00000000e0000000, 0x00000000eaf80000, 0x0000000100000000)
  eden space 125440K, 0% used [0x00000000e0000000,0x00000000e0000000,0x00000000e7a80000)
  from space 12800K, 97% used [0x00000000e7d80000,0x00000000e89be0b0,0x00000000e8a00000)
  to   space 27136K, 0% used [0x00000000e9500000,0x00000000e9500000,0x00000000eaf80000)
 ParOldGen       total 140288K, used 55248K [0x00000000a0000000, 0x00000000a8900000, 0x00000000e0000000)
  object space 140288K, 39% used [0x00000000a0000000,0x00000000a35f4378,0x00000000a8900000)
 Metaspace       used 92648K, capacity 97228K, committed 97536K, reserved 1134592K
  class space    used 12366K, capacity 13201K, committed 13312K, reserved 1048576K
}

Deoptimization events (10 events):
Event: 305.553 Thread 0x000000001feb9800 Uncommon trap: reason=null_check action=make_not_entrant pc=0x0000000003c4d9d4 method=java.lang.ThreadLocal$ThreadLocalMap.getEntryAfterMiss(Ljava/lang/ThreadLocal;ILjava/lang/ThreadLocal$ThreadLocalMap$Entry;)Ljava/lang/ThreadLocal$ThreadLocalMap$Entry; 
Event: 305.556 Thread 0x000000001feb9800 Uncommon trap: reason=null_check action=make_not_entrant pc=0x00000000054cfc00 method=java.lang.ThreadLocal$ThreadLocalMap.getEntryAfterMiss(Ljava/lang/ThreadLocal;ILjava/lang/ThreadLocal$ThreadLocalMap$Entry;)Ljava/lang/ThreadLocal$ThreadLocalMap$Entry; 
Event: 399.567 Thread 0x000000001c838800 Uncommon trap: reason=array_check action=maybe_recompile pc=0x00000000041fb9a0 method=java.util.ComparableTimSort.binarySort([Ljava/lang/Object;III)V @ 183
Event: 399.567 Thread 0x000000001c838800 Uncommon trap: reason=array_check action=maybe_recompile pc=0x00000000041fb9a0 method=java.util.ComparableTimSort.binarySort([Ljava/lang/Object;III)V @ 183
Event: 399.823 Thread 0x000000001feb8000 Uncommon trap: reason=array_check action=maybe_recompile pc=0x00000000041fb8d8 method=java.util.ComparableTimSort.binarySort([Ljava/lang/Object;III)V @ 193
Event: 401.788 Thread 0x000000001feb8000 Uncommon trap: reason=array_check action=maybe_recompile pc=0x00000000041fb8d8 method=java.util.ComparableTimSort.binarySort([Ljava/lang/Object;III)V @ 193
Event: 426.781 Thread 0x000000001feb8000 Uncommon trap: reason=bimorphic action=maybe_recompile pc=0x0000000003481c00 method=java.util.WeakHashMap.eq(Ljava/lang/Object;Ljava/lang/Object;)Z @ 7
Event: 426.834 Thread 0x000000001feb5800 Uncommon trap: reason=class_check action=maybe_recompile pc=0x0000000003f9822c method=java.lang.ThreadLocal.set(Ljava/lang/Object;)V @ 26
Event: 432.957 Thread 0x000000001fec0800 Uncommon trap: reason=unstable_if action=reinterpret pc=0x000000000524cea0 method=com.android.tools.r8.B.a.a.f.a(II[C)Ljava/lang/String; @ 32
Event: 432.957 Thread 0x000000001fec0800 Uncommon trap: reason=unstable_if action=reinterpret pc=0x000000000508d9fc method=com.android.tools.r8.graph.s0.a(Ljava/util/List;Lcom/android/tools/r8/utils/X;)Lcom/android/tools/r8/graph/x; @ 1

Classes redefined (0 events):
No events

Internal exceptions (10 events):
Event: 424.714 Thread 0x000000001feb8000 Exception <a 'java/net/ConnectException': Connection refused: connect> (0x00000000e074ef10) thrown at [D:\src\AOSP-openjdk-cygwin\jdk8u\hotspot\src\share\vm\prims\jni.cpp, line 736]
Event: 426.489 Thread 0x0000000019c54800 Exception <a 'java/net/ConnectException': Connection refused: connect> (0x00000000e0763238) thrown at [D:\src\AOSP-openjdk-cygwin\jdk8u\hotspot\src\share\vm\prims\jni.cpp, line 736]
Event: 426.727 Thread 0x000000001feb8000 Exception <a 'java/net/ConnectException': Connection refused: connect> (0x00000000e074ffa8) thrown at [D:\src\AOSP-openjdk-cygwin\jdk8u\hotspot\src\share\vm\prims\jni.cpp, line 736]
Event: 426.803 Thread 0x000000001febc800 Exception <a 'java/lang/InterruptedException'> (0x00000000e07a91f8) thrown at [D:\src\AOSP-openjdk-cygwin\jdk8u\hotspot\src\share\vm\runtime\objectMonitor.cpp, line 1680]
Event: 428.504 Thread 0x0000000019c54800 Exception <a 'java/net/ConnectException': Connection refused: connect> (0x00000000e0763b30) thrown at [D:\src\AOSP-openjdk-cygwin\jdk8u\hotspot\src\share\vm\prims\jni.cpp, line 736]
Event: 430.523 Thread 0x0000000019c54800 Exception <a 'java/net/ConnectException': Connection refused: connect> (0x00000000e0764428) thrown at [D:\src\AOSP-openjdk-cygwin\jdk8u\hotspot\src\share\vm\prims\jni.cpp, line 736]
Event: 431.223 Thread 0x000000001c837000 Exception <a 'java/net/ConnectException': Connection refused: connect> (0x00000000e0a43930) thrown at [D:\src\AOSP-openjdk-cygwin\jdk8u\hotspot\src\share\vm\prims\jni.cpp, line 736]
Event: 432.526 Thread 0x0000000019c54800 Exception <a 'java/net/ConnectException': Connection refused: connect> (0x00000000e07663d8) thrown at [D:\src\AOSP-openjdk-cygwin\jdk8u\hotspot\src\share\vm\prims\jni.cpp, line 736]
Event: 432.953 Thread 0x000000001fec0800 Exception <a 'sun/nio/fs/WindowsException'> (0x00000000e17cd278) thrown at [D:\src\AOSP-openjdk-cygwin\jdk8u\hotspot\src\share\vm\prims\jni.cpp, line 710]
Event: 432.987 Thread 0x000000001fec0800 Exception <a 'sun/nio/fs/WindowsException'> (0x00000000e18cb998) thrown at [D:\src\AOSP-openjdk-cygwin\jdk8u\hotspot\src\share\vm\prims\jni.cpp, line 710]

Events (10 events):
Event: 432.957 Thread 0x000000001fec0800 Uncommon trap: trap_request=0xffffff65 fr.pc=0x000000000524cea0
Event: 432.957 Thread 0x000000001fec0800 DEOPT PACKING pc=0x000000000524cea0 sp=0x000000002542d6a0
Event: 432.957 Thread 0x000000001fec0800 DEOPT UNPACKING pc=0x000000000308557b sp=0x000000002542d5a0 mode 2
Event: 432.957 Thread 0x000000001fec0800 Uncommon trap: trap_request=0xffffff65 fr.pc=0x000000000508d9fc
Event: 432.957 Thread 0x000000001fec0800 DEOPT PACKING pc=0x000000000508d9fc sp=0x000000002542d860
Event: 432.957 Thread 0x000000001fec0800 DEOPT UNPACKING pc=0x000000000308557b sp=0x000000002542d808 mode 2
Event: 432.957 loading class com/android/tools/r8/r/n/l
Event: 432.957 loading class com/android/tools/r8/r/n/l done
Event: 432.971 Executing VM operation: Deoptimize
Event: 432.972 Executing VM operation: Deoptimize done


Dynamic libraries:
0x00007ff602600000 - 0x00007ff602631000 	C:\Program Files\Android\Android Studio\jre\bin\java.exe
0x00007ffc7a5a0000 - 0x00007ffc7a790000 	C:\Windows\SYSTEM32\ntdll.dll
0x00007ffc78e10000 - 0x00007ffc78ec2000 	C:\Windows\System32\KERNEL32.DLL
0x00007ffc77e00000 - 0x00007ffc780a3000 	C:\Windows\System32\KERNELBASE.dll
0x00007ffc790c0000 - 0x00007ffc79163000 	C:\Windows\System32\ADVAPI32.dll
0x00007ffc79360000 - 0x00007ffc793fe000 	C:\Windows\System32\msvcrt.dll
0x00007ffc79640000 - 0x00007ffc796d7000 	C:\Windows\System32\sechost.dll
0x00007ffc7a440000 - 0x00007ffc7a560000 	C:\Windows\System32\RPCRT4.dll
0x00007ffc78ab0000 - 0x00007ffc78c44000 	C:\Windows\System32\USER32.dll
0x00007ffc78620000 - 0x00007ffc78641000 	C:\Windows\System32\win32u.dll
0x00007ffc78650000 - 0x00007ffc78676000 	C:\Windows\System32\GDI32.dll
0x00007ffc78100000 - 0x00007ffc78294000 	C:\Windows\System32\gdi32full.dll
0x00007ffc77cb0000 - 0x00007ffc77d4e000 	C:\Windows\System32\msvcp_win.dll
0x00007ffc782d0000 - 0x00007ffc783ca000 	C:\Windows\System32\ucrtbase.dll
0x00007ffc66850000 - 0x00007ffc66ad5000 	C:\Windows\WinSxS\amd64_microsoft.windows.common-controls_6595b64144ccf1df_6.0.18362.657_none_e6c5b579130e3898\COMCTL32.dll
0x00007ffc78760000 - 0x00007ffc78a96000 	C:\Windows\System32\combase.dll
0x00007ffc785a0000 - 0x00007ffc78620000 	C:\Windows\System32\bcryptPrimitives.dll
0x00007ffc79400000 - 0x00007ffc7942e000 	C:\Windows\System32\IMM32.DLL
0x000000006e430000 - 0x000000006e502000 	C:\Program Files\Android\Android Studio\jre\jre\bin\msvcr100.dll
0x000000006ec50000 - 0x000000006f496000 	C:\Program Files\Android\Android Studio\jre\jre\bin\server\jvm.dll
0x00007ffc78680000 - 0x00007ffc78688000 	C:\Windows\System32\PSAPI.DLL
0x00007ffc74b90000 - 0x00007ffc74bb4000 	C:\Windows\SYSTEM32\WINMM.dll
0x00007ffc74b60000 - 0x00007ffc74b8d000 	C:\Windows\SYSTEM32\WINMMBASE.dll
0x00007ffc72ac0000 - 0x00007ffc72aca000 	C:\Windows\SYSTEM32\VERSION.dll
0x00007ffc780b0000 - 0x00007ffc780fa000 	C:\Windows\System32\cfgmgr32.dll
0x00007ffc75690000 - 0x00007ffc75699000 	C:\Windows\SYSTEM32\WSOCK32.dll
0x00007ffc78c50000 - 0x00007ffc78cbf000 	C:\Windows\System32\ws2_32.DLL
0x00007ffc706a0000 - 0x00007ffc706af000 	C:\Program Files\Android\Android Studio\jre\jre\bin\verify.dll
0x00007ffc6f790000 - 0x00007ffc6f7b9000 	C:\Program Files\Android\Android Studio\jre\jre\bin\java.dll
0x00007ffc70630000 - 0x00007ffc70646000 	C:\Program Files\Android\Android Studio\jre\jre\bin\zip.dll
0x00007ffc796e0000 - 0x00007ffc79dc5000 	C:\Windows\System32\SHELL32.dll
0x00007ffc792b0000 - 0x00007ffc79359000 	C:\Windows\System32\shcore.dll
0x00007ffc77530000 - 0x00007ffc77caf000 	C:\Windows\System32\windows.storage.dll
0x00007ffc774f0000 - 0x00007ffc7750f000 	C:\Windows\System32\profapi.dll
0x00007ffc77480000 - 0x00007ffc774ca000 	C:\Windows\System32\powrprof.dll
0x00007ffc77470000 - 0x00007ffc77480000 	C:\Windows\System32\UMPDC.dll
0x00007ffc795e0000 - 0x00007ffc79632000 	C:\Windows\System32\shlwapi.dll
0x00007ffc77510000 - 0x00007ffc77521000 	C:\Windows\System32\kernel.appcore.dll
0x00007ffc78520000 - 0x00007ffc78537000 	C:\Windows\System32\cryptsp.dll
0x00007ffc6f800000 - 0x00007ffc6f81a000 	C:\Program Files\Android\Android Studio\jre\jre\bin\net.dll
0x00007ffc6faf0000 - 0x00007ffc6fcc6000 	C:\Windows\SYSTEM32\urlmon.dll
0x00007ffc6fdf0000 - 0x00007ffc70096000 	C:\Windows\SYSTEM32\iertutil.dll
0x00007ffc76e50000 - 0x00007ffc76e5c000 	C:\Windows\SYSTEM32\CRYPTBASE.DLL
0x00007ffc76c80000 - 0x00007ffc76ce7000 	C:\Windows\system32\mswsock.dll
0x00007ffc66e90000 - 0x00007ffc66ea3000 	C:\Program Files\Android\Android Studio\jre\jre\bin\nio.dll
0x00007ffc6f860000 - 0x00007ffc6f886000 	C:\Users\Alexe\.gradle\native\30\windows-amd64\native-platform.dll
0x00007ffc67130000 - 0x00007ffc6713d000 	C:\Program Files\Android\Android Studio\jre\jre\bin\management.dll
0x00007ffc767f0000 - 0x00007ffc76823000 	C:\Windows\system32\rsaenh.dll
0x00007ffc782a0000 - 0x00007ffc782c6000 	C:\Windows\System32\bcrypt.dll
0x00007ffc77360000 - 0x00007ffc77385000 	C:\Windows\SYSTEM32\USERENV.dll
0x00007ffc76990000 - 0x00007ffc769ca000 	C:\Windows\SYSTEM32\IPHLPAPI.DLL
0x00007ffc78aa0000 - 0x00007ffc78aa8000 	C:\Windows\System32\NSI.dll
0x00007ffc680b0000 - 0x00007ffc680c6000 	C:\Windows\SYSTEM32\dhcpcsvc6.DLL
0x00007ffc68180000 - 0x00007ffc6819c000 	C:\Windows\SYSTEM32\dhcpcsvc.DLL
0x00007ffc769d0000 - 0x00007ffc76a9a000 	C:\Windows\SYSTEM32\DNSAPI.dll
0x00007ffc73820000 - 0x00007ffc7383e000 	C:\Users\Alexe\AppData\Local\Temp\native-platform664611938481014485dir\native-platform.dll

VM Arguments:
jvm_args: -Xmx1536m -Dfile.encoding=windows-1252 -Duser.country=US -Duser.language=en -Duser.variant 
java_command: org.gradle.launcher.daemon.bootstrap.GradleDaemon 5.6.4
java_class_path (initial): C:\Users\Alexe\.gradle\wrapper\dists\gradle-5.6.4-all\ankdp27end7byghfw1q2sw75f\gradle-5.6.4\lib\gradle-launcher-5.6.4.jar
Launcher Type: SUN_STANDARD

Environment Variables:
JAVA_HOME=C:\Amazon\jdk1.8.0_242
PATH=C:\Python27\;C:\Python27\Scripts;C:\Amazon\jdk1.8.0_242\bin;C:\Program Files\Microsoft MPI\Bin\;C:\Windows\system32;C:\Windows;C:\Windows\System32\Wbem;C:\Windows\System32\WindowsPowerShell\v1.0\;C:\Windows\System32\OpenSSH\;C:\Program Files (x86)\Microsoft SQL Server\140\Tools\Binn\;C:\Program Files\Microsoft SQL Server\140\Tools\Binn\;C:\Program Files (x86)\Microsoft SQL Server\140\DTS\Binn\;C:\Program Files\Microsoft SQL Server\140\DTS\Binn\;C:\Program Files\Microsoft SQL Server\Client SDK\ODBC\130\Tools\Binn\;C:\apache-cassandra-3.11.6\bin;C:\Program Files\nodejs\;C:\ProgramData\chocolatey\bin;C:\flutter\bin;C:\Users\Alexe\AppData\Local\Android\Sdk\tools;C:\Users\Alexe\AppData\Local\Android\Sdk\tools\bin;C:\Users\Alexe\AppData\Local\Android\Sdk\platform-tools;C:\Users\Alexe\AppData\Local\Microsoft\WindowsApps;C:\Users\Alexe\AppData\Roaming\npm;C:\Users\Alexe\AppData\Local\Programs\Microsoft VS Code\bin
USERNAME=Alexe
OS=Windows_NT
PROCESSOR_IDENTIFIER=Intel64 Family 6 Model 158 Stepping 9, GenuineIntel



---------------  S Y S T E M  ---------------

OS: Windows 10.0 , 64 bit Build 18362 (10.0.18362.329)

CPU:total 4 (initial active 4) (4 cores per cpu, 1 threads per core) family 6 model 158 stepping 9, cmov, cx8, fxsr, mmx, sse, sse2, sse3, ssse3, sse4.1, sse4.2, popcnt, avx, avx2, aes, clmul, erms, 3dnowpref, lzcnt, tsc, tscinvbit, bmi1, bmi2, adx

Memory: 4k page, physical 8278180k(528352k free), swap 12472484k(5264k free)

vm_info: OpenJDK 64-Bit Server VM (25.212-b04) for windows-amd64 JRE (1.8.0_212-release-1586-b04), built by "builder" with MS VC++ 10.0 (VS2010)

time: Wed Mar 04 22:48:00 2020
timezone: Belarus Standard Time
elapsed time: 433 seconds (0d 0h 7m 13s)

